Using pre-set license
Built from '2020.3/staging' branch; Version is '2020.3.17f1 (a4537701e4ab) revision 10769271'; Using compiler version '192528614'; Build Type 'Release'
OS: 'Windows 10 Education; OS build 19044.1706; Version 2009; 64bit' Language: 'ko' Physical Memory: 16316 MB
BatchMode: 1, IsHumanControllingUs: 0, StartBugReporterOnCrash: 0, Is64bit: 1, IsPro: 0

COMMAND LINE ARGUMENTS:
C:\Program Files\Unity\Hub\Editor\2020.3.17f1\Editor\Unity.exe
-adb2
-batchMode
-noUpm
-name
AssetImportWorker0
-projectPath
C:/Users/user/Documents/GitHub/2022-MDP-MAP/MDP-DEP-MAP
-logFile
Logs/AssetImportWorker0.log
-srvPort
50244
Successfully changed project path to: C:/Users/user/Documents/GitHub/2022-MDP-MAP/MDP-DEP-MAP
C:/Users/user/Documents/GitHub/2022-MDP-MAP/MDP-DEP-MAP
Using Asset Import Pipeline V2.
Refreshing native plugins compatible for Editor in 50.51 ms, found 2 plugins.
Preloading 0 native plugins for Editor in 0.00 ms.
Initialize engine version: 2020.3.17f1 (a4537701e4ab)
[Subsystems] Discovering subsystems at path C:/Program Files/Unity/Hub/Editor/2020.3.17f1/Editor/Data/Resources/UnitySubsystems
[Subsystems] Discovering subsystems at path C:/Users/user/Documents/GitHub/2022-MDP-MAP/MDP-DEP-MAP/Assets
GfxDevice: creating device client; threaded=0
Direct3D:
    Version:  Direct3D 11.0 [level 11.1]
    Renderer: NVIDIA GeForce GTX 1650 (ID=0x1f82)
    Vendor:   
    VRAM:     3962 MB
    Driver:   27.21.14.5671
Initialize mono
Mono path[0] = 'C:/Program Files/Unity/Hub/Editor/2020.3.17f1/Editor/Data/Managed'
Mono path[1] = 'C:/Program Files/Unity/Hub/Editor/2020.3.17f1/Editor/Data/MonoBleedingEdge/lib/mono/unityjit'
Mono config path = 'C:/Program Files/Unity/Hub/Editor/2020.3.17f1/Editor/Data/MonoBleedingEdge/etc'
Using monoOptions --debugger-agent=transport=dt_socket,embedding=1,server=y,suspend=n,address=127.0.0.1:56596
Begin MonoManager ReloadAssembly
Registering precompiled unity dll's ...
Register platform support module: C:/Program Files/Unity/Hub/Editor/2020.3.17f1/Editor/Data/PlaybackEngines/WebGLSupport/UnityEditor.WebGL.Extensions.dll
Register platform support module: C:/Program Files/Unity/Hub/Editor/2020.3.17f1/Editor/Data/PlaybackEngines/WindowsStandaloneSupport/UnityEditor.WindowsStandalone.Extensions.dll
Registered in 0.001670 seconds.
Native extension for WindowsStandalone target not found
Native extension for WebGL target not found
Refreshing native plugins compatible for Editor in 47.17 ms, found 2 plugins.
Preloading 0 native plugins for Editor in 0.00 ms.
Mono: successfully reloaded assembly
- Completed reload, in  2.159 seconds
Domain Reload Profiling:
	ReloadAssembly (2160ms)
		BeginReloadAssembly (60ms)
			ExecutionOrderSort (0ms)
			DisableScriptedObjects (0ms)
			BackupInstance (0ms)
			ReleaseScriptingObjects (0ms)
			CreateAndSetChildDomain (1ms)
		EndReloadAssembly (360ms)
			LoadAssemblies (60ms)
			RebuildTransferFunctionScriptingTraits (0ms)
			SetupTypeCache (123ms)
			ReleaseScriptCaches (0ms)
			RebuildScriptCaches (27ms)
			SetupLoadedEditorAssemblies (150ms)
				LogAssemblyErrors (0ms)
				InitializePlatformSupportModulesInManaged (5ms)
				SetLoadedEditorAssemblies (0ms)
				RefreshPlugins (47ms)
				BeforeProcessingInitializeOnLoad (13ms)
				ProcessInitializeOnLoadAttributes (62ms)
				ProcessInitializeOnLoadMethodAttributes (22ms)
				AfterProcessingInitializeOnLoad (0ms)
				EditorAssembliesLoaded (0ms)
			ExecutionOrderSort2 (0ms)
			AwakeInstancesAfterBackupRestoration (0ms)
Platform modules already initialized, skipping
Registering precompiled user dll's ...
Registered in 0.004638 seconds.
Begin MonoManager ReloadAssembly
Native extension for WindowsStandalone target not found
Native extension for WebGL target not found
Refreshing native plugins compatible for Editor in 46.17 ms, found 2 plugins.
Preloading 0 native plugins for Editor in 0.00 ms.
Mono: successfully reloaded assembly
- Completed reload, in  1.022 seconds
Domain Reload Profiling:
	ReloadAssembly (1022ms)
		BeginReloadAssembly (134ms)
			ExecutionOrderSort (0ms)
			DisableScriptedObjects (4ms)
			BackupInstance (0ms)
			ReleaseScriptingObjects (0ms)
			CreateAndSetChildDomain (14ms)
		EndReloadAssembly (842ms)
			LoadAssemblies (100ms)
			RebuildTransferFunctionScriptingTraits (0ms)
			SetupTypeCache (255ms)
			ReleaseScriptCaches (0ms)
			RebuildScriptCaches (40ms)
			SetupLoadedEditorAssemblies (363ms)
				LogAssemblyErrors (0ms)
				InitializePlatformSupportModulesInManaged (4ms)
				SetLoadedEditorAssemblies (0ms)
				RefreshPlugins (46ms)
				BeforeProcessingInitializeOnLoad (70ms)
				ProcessInitializeOnLoadAttributes (235ms)
				ProcessInitializeOnLoadMethodAttributes (4ms)
				AfterProcessingInitializeOnLoad (3ms)
				EditorAssembliesLoaded (0ms)
			ExecutionOrderSort2 (0ms)
			AwakeInstancesAfterBackupRestoration (6ms)
Platform modules already initialized, skipping
========================================================================
Worker process is ready to serve import requests
Launched and connected shader compiler UnityShaderCompiler.exe after 0.04 seconds
Refreshing native plugins compatible for Editor in 0.75 ms, found 2 plugins.
Preloading 0 native plugins for Editor in 0.00 ms.
Unloading 2736 Unused Serialized files (Serialized files now loaded: 0)
System memory in use before: 134.6 MB.
System memory in use after: 134.5 MB.

Unloading 20 unused Assets to reduce memory usage. Loaded Objects now: 3174.
Total: 3.319500 ms (FindLiveObjects: 0.265500 ms CreateObjectMapping: 0.155800 ms MarkObjects: 2.437700 ms  DeleteObjects: 0.459200 ms)

AssetImportParameters requested are different than current active one (requested -> active):
  custom:framework-win-MediaFoundation: 216162199b28c13a410421893ffa2e32 -> 
  custom:video-decoder-ogg-theora: a1e56fd34408186e4bbccfd4996cb3dc -> 
  custom:container-muxer-webm: aa71ff27fc2769a1b78a27578f13a17b -> 
  custom:container-demuxer-webm: 4f35f7cbe854078d1ac9338744f61a02 -> 
  custom:container-demuxer-ogg: 62fdf1f143b41e24485cea50d1cbac27 -> 
  custom:video-encoder-webm-vp8: eb34c28f22e8b96e1ab97ce403110664 -> 
  custom:video-decoder-webm-vp8: 9c59270c3fd7afecdb556c50c9e8de78 -> 
  custom:audio-decoder-ogg-vorbis: bf7c407c2cedff20999df2af8eb42d56 -> 
  custom:audio-encoder-webm-vorbis: bf7c407c2cedff20999df2af8eb42d56 -> 
========================================================================
Received Import Request.
  path: Assets/Public toilet/model/RestRoom.fbx
  artifactKey: Guid(0bec935314298614796587ae1821083c) Importer(815301076,1909f56bfc062723c751e8b465ee728b)
Start importing Assets/Public toilet/model/RestRoom.fbx using Guid(0bec935314298614796587ae1821083c) Importer(815301076,1909f56bfc062723c751e8b465ee728b)  -> (artifact id: 'da6d6d45020b62c5e743946564c7d94a') in 0.408379 seconds 
  Import took 0.412414 seconds .

========================================================================
Received Import Request.
  Time since last request: 0.000259 seconds.
  path: Assets/Public toilet/Prefab/stall door frame.prefab
  artifactKey: Guid(b8b395d716a12a9499018b9156690385) Importer(815301076,1909f56bfc062723c751e8b465ee728b)
Start importing Assets/Public toilet/Prefab/stall door frame.prefab using Guid(b8b395d716a12a9499018b9156690385) Importer(815301076,1909f56bfc062723c751e8b465ee728b)  -> (artifact id: 'd1122e43fbd4d190e0ff3a6e7e0ba3da') in 0.039779 seconds 
  Import took 0.043400 seconds .

========================================================================
Received Import Request.
  Time since last request: 0.000270 seconds.
  path: Assets/Public toilet/Prefab/tolet .prefab
  artifactKey: Guid(1888e04bea2aa38448ea6983f6c732e7) Importer(815301076,1909f56bfc062723c751e8b465ee728b)
Start importing Assets/Public toilet/Prefab/tolet .prefab using Guid(1888e04bea2aa38448ea6983f6c732e7) Importer(815301076,1909f56bfc062723c751e8b465ee728b)  -> (artifact id: 'ea34f90072070d802c0673662811213f') in 0.033382 seconds 
  Import took 0.037951 seconds .

========================================================================
Received Import Request.
  Time since last request: 0.000409 seconds.
  path: Assets/Public toilet/Prefab/window .prefab
  artifactKey: Guid(3d4b5c6f58839c34b912f8a1c7061640) Importer(815301076,1909f56bfc062723c751e8b465ee728b)
Start importing Assets/Public toilet/Prefab/window .prefab using Guid(3d4b5c6f58839c34b912f8a1c7061640) Importer(815301076,1909f56bfc062723c751e8b465ee728b)  -> (artifact id: 'f8b5142d1ffc4d6541aa171af1cabbad') in 0.024642 seconds 
  Import took 0.029120 seconds .

========================================================================
Received Import Request.
  Time since last request: 0.000238 seconds.
  path: Assets/Public toilet/Prefab/wall  Tiles  Big .prefab
  artifactKey: Guid(7f9dc05499bac1146b79086461065a6f) Importer(815301076,1909f56bfc062723c751e8b465ee728b)
Start importing Assets/Public toilet/Prefab/wall  Tiles  Big .prefab using Guid(7f9dc05499bac1146b79086461065a6f) Importer(815301076,1909f56bfc062723c751e8b465ee728b)  -> (artifact id: 'f6f98b39bf9d9b7e4ce0ccf1eee54475') in 0.016399 seconds 
  Import took 0.019968 seconds .

========================================================================
Received Import Request.
  Time since last request: 0.000282 seconds.
  path: Assets/Public toilet/Prefab/wall  Tiles .prefab
  artifactKey: Guid(d5e6044975384ef4e89abe902928f38c) Importer(815301076,1909f56bfc062723c751e8b465ee728b)
Start importing Assets/Public toilet/Prefab/wall  Tiles .prefab using Guid(d5e6044975384ef4e89abe902928f38c) Importer(815301076,1909f56bfc062723c751e8b465ee728b)  -> (artifact id: '38b34fae2997bf6f65ae05cbb496659d') in 0.010979 seconds 
  Import took 0.014802 seconds .

========================================================================
Received Import Request.
  Time since last request: 3.235225 seconds.
  path: Assets/Public toilet/mesh/tolet .prefab
  artifactKey: Guid(b96a796fd70e33e45a793974fac2a88a) Importer(815301076,1909f56bfc062723c751e8b465ee728b)
Start importing Assets/Public toilet/mesh/tolet .prefab using Guid(b96a796fd70e33e45a793974fac2a88a) Importer(815301076,1909f56bfc062723c751e8b465ee728b)  -> (artifact id: '839e05c076dfb2d2fa79d56fd7fbe92d') in 0.008906 seconds 
  Import took 0.012974 seconds .

========================================================================
Received Import Request.
  Time since last request: 0.374073 seconds.
  path: Assets/Public toilet/mesh/stall door frame.prefab
  artifactKey: Guid(398c199e09d8ac342987b6d1a2528cb8) Importer(815301076,1909f56bfc062723c751e8b465ee728b)
Start importing Assets/Public toilet/mesh/stall door frame.prefab using Guid(398c199e09d8ac342987b6d1a2528cb8) Importer(815301076,1909f56bfc062723c751e8b465ee728b)  -> (artifact id: '0317787002a0c465a3849c00b2467ee1') in 0.008764 seconds 
  Import took 0.013018 seconds .

========================================================================
Received Import Request.
  Time since last request: 0.605050 seconds.
  path: Assets/Public toilet/mesh/sink stand alone .prefab
  artifactKey: Guid(3b75ac92f5686b24e8f3b3b18b759dbb) Importer(815301076,1909f56bfc062723c751e8b465ee728b)
Start importing Assets/Public toilet/mesh/sink stand alone .prefab using Guid(3b75ac92f5686b24e8f3b3b18b759dbb) Importer(815301076,1909f56bfc062723c751e8b465ee728b)  -> (artifact id: 'f3426853dddc3611e7335331b6023581') in 0.009472 seconds 
  Import took 0.014054 seconds .

========================================================================
Received Import Request.
  Time since last request: 0.414326 seconds.
  path: Assets/Public toilet/mesh/soap dispenser.prefab
  artifactKey: Guid(a7a772b04784a644dad8658b1f05415f) Importer(815301076,1909f56bfc062723c751e8b465ee728b)
Start importing Assets/Public toilet/mesh/soap dispenser.prefab using Guid(a7a772b04784a644dad8658b1f05415f) Importer(815301076,1909f56bfc062723c751e8b465ee728b)  -> (artifact id: '09e0982c71e40faae9d546a07cfaeca1') in 0.014304 seconds 
  Import took 0.019184 seconds .

========================================================================
Received Import Request.
  Time since last request: 0.005790 seconds.
  path: Assets/Public toilet/mesh/soap dispenser.prefab
  artifactKey: Guid(a7a772b04784a644dad8658b1f05415f) Importer(815301076,1909f56bfc062723c751e8b465ee728b)
Start importing Assets/Public toilet/mesh/soap dispenser.prefab using Guid(a7a772b04784a644dad8658b1f05415f) Importer(815301076,1909f56bfc062723c751e8b465ee728b)  -> (artifact id: '09e0982c71e40faae9d546a07cfaeca1') in 0.021692 seconds 
  Import took 0.025606 seconds .

========================================================================
Received Import Request.
  Time since last request: 0.530196 seconds.
  path: Assets/Public toilet/mesh/stall wall .prefab
  artifactKey: Guid(525e223201ed00746993cd144dbfe5ff) Importer(815301076,1909f56bfc062723c751e8b465ee728b)
Start importing Assets/Public toilet/mesh/stall wall .prefab using Guid(525e223201ed00746993cd144dbfe5ff) Importer(815301076,1909f56bfc062723c751e8b465ee728b)  -> (artifact id: 'ebe45b3b6f0aa3451ffc2d05d03c8651') in 0.008022 seconds 
  Import took 0.012170 seconds .

========================================================================
Received Import Request.
  Time since last request: 0.346717 seconds.
  path: Assets/Public toilet/mesh/toilet paper dispenser.prefab
  artifactKey: Guid(acff6537a2de2dd48ba07a13ba50bf43) Importer(815301076,1909f56bfc062723c751e8b465ee728b)
Start importing Assets/Public toilet/mesh/toilet paper dispenser.prefab using Guid(acff6537a2de2dd48ba07a13ba50bf43) Importer(815301076,1909f56bfc062723c751e8b465ee728b)  -> (artifact id: '57c709f1e802ab0672776fbaad0ad0d9') in 0.012662 seconds 
  Import took 0.017109 seconds .

========================================================================
Received Import Request.
  Time since last request: 0.875412 seconds.
  path: Assets/Public toilet/mesh/wall  Tiles .prefab
  artifactKey: Guid(94842940f3445c74fbc49f9998cb1284) Importer(815301076,1909f56bfc062723c751e8b465ee728b)
Start importing Assets/Public toilet/mesh/wall  Tiles .prefab using Guid(94842940f3445c74fbc49f9998cb1284) Importer(815301076,1909f56bfc062723c751e8b465ee728b)  -> (artifact id: '84c5a257d7191780bef51c56ad70e9da') in 0.007034 seconds 
  Import took 0.011117 seconds .

========================================================================
Received Import Request.
  Time since last request: 0.565168 seconds.
  path: Assets/Public toilet/mesh/wall  Tiles  Big .prefab
  artifactKey: Guid(f0d3d1f7fa560404c8958e6cd9b999bc) Importer(815301076,1909f56bfc062723c751e8b465ee728b)
Start importing Assets/Public toilet/mesh/wall  Tiles  Big .prefab using Guid(f0d3d1f7fa560404c8958e6cd9b999bc) Importer(815301076,1909f56bfc062723c751e8b465ee728b)  -> (artifact id: '8bdac1584d5f5d959665ebaa9a4764d4') in 0.012488 seconds 
  Import took 0.016889 seconds .

========================================================================
Received Import Request.
  Time since last request: 0.003921 seconds.
  path: Assets/Public toilet/mesh/wall  Tiles  Big .prefab
  artifactKey: Guid(f0d3d1f7fa560404c8958e6cd9b999bc) Importer(815301076,1909f56bfc062723c751e8b465ee728b)
Start importing Assets/Public toilet/mesh/wall  Tiles  Big .prefab using Guid(f0d3d1f7fa560404c8958e6cd9b999bc) Importer(815301076,1909f56bfc062723c751e8b465ee728b)  -> (artifact id: '8bdac1584d5f5d959665ebaa9a4764d4') in 0.007862 seconds 
  Import took 0.012165 seconds .

========================================================================
Received Import Request.
  Time since last request: 0.399237 seconds.
  path: Assets/Public toilet/mesh/urinal.prefab
  artifactKey: Guid(799b1ca0b4f0a2640a111ea40a98e70e) Importer(815301076,1909f56bfc062723c751e8b465ee728b)
Start importing Assets/Public toilet/mesh/urinal.prefab using Guid(799b1ca0b4f0a2640a111ea40a98e70e) Importer(815301076,1909f56bfc062723c751e8b465ee728b)  -> (artifact id: 'b1321306db8415f0f0860b27aa151d9e') in 0.007781 seconds 
  Import took 0.011882 seconds .

========================================================================
Received Import Request.
  Time since last request: 0.367975 seconds.
  path: Assets/Public toilet/mesh/tolet lid .prefab
  artifactKey: Guid(9717e36ef781cb84e8c77b2d475c9dba) Importer(815301076,1909f56bfc062723c751e8b465ee728b)
Start importing Assets/Public toilet/mesh/tolet lid .prefab using Guid(9717e36ef781cb84e8c77b2d475c9dba) Importer(815301076,1909f56bfc062723c751e8b465ee728b)  -> (artifact id: '118812d5fa2cf19da141ddd1326bad32') in 0.007346 seconds 
  Import took 0.011304 seconds .

========================================================================
Received Import Request.
  Time since last request: 0.976917 seconds.
  path: Assets/Public toilet/mesh/Tiles Door way .prefab
  artifactKey: Guid(04bae16e9c3aedd4a89ecf1cee7d0965) Importer(815301076,1909f56bfc062723c751e8b465ee728b)
Start importing Assets/Public toilet/mesh/Tiles Door way .prefab using Guid(04bae16e9c3aedd4a89ecf1cee7d0965) Importer(815301076,1909f56bfc062723c751e8b465ee728b)  -> (artifact id: '549dc874335fda270a067a92f688cf9d') in 0.014236 seconds 
  Import took 0.018931 seconds .

========================================================================
Received Import Request.
  Time since last request: 0.002631 seconds.
  path: Assets/Public toilet/mesh/Tiles Door way .prefab
  artifactKey: Guid(04bae16e9c3aedd4a89ecf1cee7d0965) Importer(815301076,1909f56bfc062723c751e8b465ee728b)
Start importing Assets/Public toilet/mesh/Tiles Door way .prefab using Guid(04bae16e9c3aedd4a89ecf1cee7d0965) Importer(815301076,1909f56bfc062723c751e8b465ee728b)  -> (artifact id: '549dc874335fda270a067a92f688cf9d') in 0.021432 seconds 
  Import took 0.025467 seconds .

========================================================================
Received Import Request.
  Time since last request: 0.492018 seconds.
  path: Assets/Public toilet/mesh/stall door.prefab
  artifactKey: Guid(c205c11cb501c1e4b829dba0922900ce) Importer(815301076,1909f56bfc062723c751e8b465ee728b)
Start importing Assets/Public toilet/mesh/stall door.prefab using Guid(c205c11cb501c1e4b829dba0922900ce) Importer(815301076,1909f56bfc062723c751e8b465ee728b)  -> (artifact id: 'bdb3f331455104bbace2fc2de742ec01') in 0.017126 seconds 
  Import took 0.021433 seconds .

========================================================================
Received Import Request.
  Time since last request: 0.003421 seconds.
  path: Assets/Public toilet/mesh/stall door.prefab
  artifactKey: Guid(c205c11cb501c1e4b829dba0922900ce) Importer(815301076,1909f56bfc062723c751e8b465ee728b)
Start importing Assets/Public toilet/mesh/stall door.prefab using Guid(c205c11cb501c1e4b829dba0922900ce) Importer(815301076,1909f56bfc062723c751e8b465ee728b)  -> (artifact id: 'bdb3f331455104bbace2fc2de742ec01') in 0.025023 seconds 
  Import took 0.029336 seconds .

========================================================================
Received Import Request.
  Time since last request: 0.978485 seconds.
  path: Assets/Public toilet/mesh/mirror small .prefab
  artifactKey: Guid(61dfaecd0e6a9ad4ebfab88e7aa59f7b) Importer(815301076,1909f56bfc062723c751e8b465ee728b)
Start importing Assets/Public toilet/mesh/mirror small .prefab using Guid(61dfaecd0e6a9ad4ebfab88e7aa59f7b) Importer(815301076,1909f56bfc062723c751e8b465ee728b)  -> (artifact id: '9409bccdb8bfb9a04b87634699b45a8a') in 0.010124 seconds 
  Import took 0.014747 seconds .

========================================================================
Received Import Request.
  Time since last request: 0.529330 seconds.
  path: Assets/Public toilet/mesh/hand dryer.prefab
  artifactKey: Guid(5f5648abcdca3ae49a8fb20225814afe) Importer(815301076,1909f56bfc062723c751e8b465ee728b)
Start importing Assets/Public toilet/mesh/hand dryer.prefab using Guid(5f5648abcdca3ae49a8fb20225814afe) Importer(815301076,1909f56bfc062723c751e8b465ee728b)  -> (artifact id: '1d2471a0f6ba46fa2f059587cc1f23f9') in 0.009374 seconds 
  Import took 0.013983 seconds .

========================================================================
Received Import Request.
  Time since last request: 0.364868 seconds.
  path: Assets/Public toilet/mesh/Cube.prefab
  artifactKey: Guid(2612572b81d102f47a1932fd7859ae79) Importer(815301076,1909f56bfc062723c751e8b465ee728b)
Start importing Assets/Public toilet/mesh/Cube.prefab using Guid(2612572b81d102f47a1932fd7859ae79) Importer(815301076,1909f56bfc062723c751e8b465ee728b)  -> (artifact id: 'e4a2fbac8d5d9ceb19417cf1a82c98bc') in 0.015237 seconds 
  Import took 0.019881 seconds .

========================================================================
Received Import Request.
  Time since last request: 0.001684 seconds.
  path: Assets/Public toilet/mesh/Cube.prefab
  artifactKey: Guid(2612572b81d102f47a1932fd7859ae79) Importer(815301076,1909f56bfc062723c751e8b465ee728b)
Start importing Assets/Public toilet/mesh/Cube.prefab using Guid(2612572b81d102f47a1932fd7859ae79) Importer(815301076,1909f56bfc062723c751e8b465ee728b)  -> (artifact id: 'e4a2fbac8d5d9ceb19417cf1a82c98bc') in 0.018912 seconds 
  Import took 0.023230 seconds .

========================================================================
Received Import Request.
  Time since last request: 0.314671 seconds.
  path: Assets/Public toilet/mesh/big tile.prefab
  artifactKey: Guid(8d7bffff563893141ab0d800d93b2d06) Importer(815301076,1909f56bfc062723c751e8b465ee728b)
Start importing Assets/Public toilet/mesh/big tile.prefab using Guid(8d7bffff563893141ab0d800d93b2d06) Importer(815301076,1909f56bfc062723c751e8b465ee728b)  -> (artifact id: '1f9550f6b69cab042f81c59319d17cd8') in 0.007136 seconds 
  Import took 0.011237 seconds .

========================================================================
Received Import Request.
  Time since last request: 0.385834 seconds.
  path: Assets/Public toilet/mesh/big tile roof .prefab
  artifactKey: Guid(9c36d5e694395644fb9cb99a429d3c23) Importer(815301076,1909f56bfc062723c751e8b465ee728b)
Start importing Assets/Public toilet/mesh/big tile roof .prefab using Guid(9c36d5e694395644fb9cb99a429d3c23) Importer(815301076,1909f56bfc062723c751e8b465ee728b)  -> (artifact id: 'db8f3cf8af4a82860a59f5d79c0f568e') in 0.007967 seconds 
  Import took 0.012134 seconds .

========================================================================
Received Import Request.
  Time since last request: 0.407578 seconds.
  path: Assets/Public toilet/mesh/Bathroom  frame  .prefab
  artifactKey: Guid(5cd14310145566b468052f35582eb093) Importer(815301076,1909f56bfc062723c751e8b465ee728b)
Start importing Assets/Public toilet/mesh/Bathroom  frame  .prefab using Guid(5cd14310145566b468052f35582eb093) Importer(815301076,1909f56bfc062723c751e8b465ee728b)  -> (artifact id: 'cc5aee61acb17ee725e7941c025e1bec') in 0.007952 seconds 
  Import took 0.011948 seconds .

========================================================================
Received Import Request.
  Time since last request: 15.465765 seconds.
  path: Assets/Public toilet/mesh/mirror big .prefab
  artifactKey: Guid(0c1a28ee5e8606b4393bd628a77f976d) Importer(815301076,1909f56bfc062723c751e8b465ee728b)
Start importing Assets/Public toilet/mesh/mirror big .prefab using Guid(0c1a28ee5e8606b4393bd628a77f976d) Importer(815301076,1909f56bfc062723c751e8b465ee728b)  -> (artifact id: '0043aada15cf736823bb2c4990653010') in 0.007272 seconds 
  Import took 0.011356 seconds .

========================================================================
Received Import Request.
  Time since last request: 0.269331 seconds.
  path: Assets/Public toilet/mesh/divider.prefab
  artifactKey: Guid(82d9429bc300db84099a557fe85c732f) Importer(815301076,1909f56bfc062723c751e8b465ee728b)
Start importing Assets/Public toilet/mesh/divider.prefab using Guid(82d9429bc300db84099a557fe85c732f) Importer(815301076,1909f56bfc062723c751e8b465ee728b)  -> (artifact id: '521b5be5e2546f31890a53b4a618ec03') in 0.008022 seconds 
  Import took 0.012039 seconds .

========================================================================
Received Import Request.
  Time since last request: 1.754740 seconds.
  path: Assets/Public toilet/mesh/bathroom Door .prefab
  artifactKey: Guid(d5d3232033e00134e919a31b1626f65f) Importer(815301076,1909f56bfc062723c751e8b465ee728b)
Start importing Assets/Public toilet/mesh/bathroom Door .prefab using Guid(d5d3232033e00134e919a31b1626f65f) Importer(815301076,1909f56bfc062723c751e8b465ee728b)  -> (artifact id: '7719c6562657b9728d83eef9dbecac08') in 0.008851 seconds 
  Import took 0.013390 seconds .

========================================================================
Received Import Request.
  Time since last request: 61.931267 seconds.
  path: Assets/Public toilet/Prefab/mirror small .prefab
  artifactKey: Guid(26ce2af1cd3836047bf1d80fc7562dd0) Importer(815301076,1909f56bfc062723c751e8b465ee728b)
Start importing Assets/Public toilet/Prefab/mirror small .prefab using Guid(26ce2af1cd3836047bf1d80fc7562dd0) Importer(815301076,1909f56bfc062723c751e8b465ee728b)  -> (artifact id: 'ba4b251b38a0f4181ae30c5dc94e8435') in 0.007457 seconds 
  Import took 0.011902 seconds .

========================================================================
Received Import Request.
  Time since last request: 0.486528 seconds.
  path: Assets/Public toilet/Prefab/big tile.prefab
  artifactKey: Guid(bad759c4d749f584e9065756d3a75ba8) Importer(815301076,1909f56bfc062723c751e8b465ee728b)
Start importing Assets/Public toilet/Prefab/big tile.prefab using Guid(bad759c4d749f584e9065756d3a75ba8) Importer(815301076,1909f56bfc062723c751e8b465ee728b)  -> (artifact id: '6b225b18fe23a83a3334f4ff51f3cafb') in 0.009352 seconds 
  Import took 0.013486 seconds .

========================================================================
Received Import Request.
  Time since last request: 0.706432 seconds.
  path: Assets/Public toilet/Prefab/big tile roof .prefab
  artifactKey: Guid(72e26576670af7642890f202d5b63597) Importer(815301076,1909f56bfc062723c751e8b465ee728b)
Start importing Assets/Public toilet/Prefab/big tile roof .prefab using Guid(72e26576670af7642890f202d5b63597) Importer(815301076,1909f56bfc062723c751e8b465ee728b)  -> (artifact id: '4413848c842916105cbe7cfbc559f190') in 0.013455 seconds 
  Import took 0.017966 seconds .

========================================================================
Received Import Request.
  Time since last request: 0.317832 seconds.
  path: Assets/Public toilet/Prefab/hand dryer.prefab
  artifactKey: Guid(ca7f294c705dba84fb3e87822dcc42eb) Importer(815301076,1909f56bfc062723c751e8b465ee728b)
Start importing Assets/Public toilet/Prefab/hand dryer.prefab using Guid(ca7f294c705dba84fb3e87822dcc42eb) Importer(815301076,1909f56bfc062723c751e8b465ee728b)  -> (artifact id: '34a002311dcaeacc1e0f959083805dd6') in 0.008749 seconds 
  Import took 0.012804 seconds .

========================================================================
Received Import Request.
  Time since last request: 107.482021 seconds.
  path: Assets/Public toilet/Prefab/divider.prefab
  artifactKey: Guid(fa158c34e28437f41a017cc38f481d03) Importer(815301076,1909f56bfc062723c751e8b465ee728b)
Start importing Assets/Public toilet/Prefab/divider.prefab using Guid(fa158c34e28437f41a017cc38f481d03) Importer(815301076,1909f56bfc062723c751e8b465ee728b)  -> (artifact id: 'e8d6d5cd8a1f547e6762f662c4e70a8b') in 0.009189 seconds 
  Import took 0.014102 seconds .

========================================================================
Received Import Request.
  Time since last request: 5.385676 seconds.
  path: Assets/Public toilet/Prefab/mirror big .prefab
  artifactKey: Guid(2316b03dc649073448e5456266c145e0) Importer(815301076,1909f56bfc062723c751e8b465ee728b)
Start importing Assets/Public toilet/Prefab/mirror big .prefab using Guid(2316b03dc649073448e5456266c145e0) Importer(815301076,1909f56bfc062723c751e8b465ee728b)  -> (artifact id: 'fdbfb6b38f27f83db3dd36f49b6fd3a7') in 0.007354 seconds 
  Import took 0.011348 seconds .

========================================================================
Received Import Request.
  Time since last request: 1.053076 seconds.
  path: Assets/Public toilet/Prefab/sink stand alone .prefab
  artifactKey: Guid(5bb0dc3b9ab55784db673d4164f17cc3) Importer(815301076,1909f56bfc062723c751e8b465ee728b)
Start importing Assets/Public toilet/Prefab/sink stand alone .prefab using Guid(5bb0dc3b9ab55784db673d4164f17cc3) Importer(815301076,1909f56bfc062723c751e8b465ee728b)  -> (artifact id: '0a18601460490aab1b8b771eb6f44dee') in 0.011404 seconds 
  Import took 0.015413 seconds .

========================================================================
Received Import Request.
  Time since last request: 0.561274 seconds.
  path: Assets/Public toilet/Prefab/sink.prefab
  artifactKey: Guid(73f5507ea0b055b4695eafbdb4b66816) Importer(815301076,1909f56bfc062723c751e8b465ee728b)
Start importing Assets/Public toilet/Prefab/sink.prefab using Guid(73f5507ea0b055b4695eafbdb4b66816) Importer(815301076,1909f56bfc062723c751e8b465ee728b)  -> (artifact id: '7e47b372c060ffebb510aed1dd1997d5') in 0.009057 seconds 
  Import took 0.013340 seconds .

========================================================================
Received Import Request.
  Time since last request: 0.761687 seconds.
  path: Assets/Public toilet/Prefab/soap dispenser.prefab
  artifactKey: Guid(51a0becee38f5684ab39c6f364a55856) Importer(815301076,1909f56bfc062723c751e8b465ee728b)
Start importing Assets/Public toilet/Prefab/soap dispenser.prefab using Guid(51a0becee38f5684ab39c6f364a55856) Importer(815301076,1909f56bfc062723c751e8b465ee728b)  -> (artifact id: '1906c528f584b8938c609737368316e7') in 0.008926 seconds 
  Import took 0.012929 seconds .

========================================================================
Received Import Request.
  Time since last request: 2.107097 seconds.
  path: Assets/Public toilet/Prefab/Tiles Door way .prefab
  artifactKey: Guid(cd4a240348f209b48a45be47f75e62d0) Importer(815301076,1909f56bfc062723c751e8b465ee728b)
Start importing Assets/Public toilet/Prefab/Tiles Door way .prefab using Guid(cd4a240348f209b48a45be47f75e62d0) Importer(815301076,1909f56bfc062723c751e8b465ee728b)  -> (artifact id: '22c2580ba27494105e7cd033af1ff99d') in 0.008925 seconds 
  Import took 0.013101 seconds .

========================================================================
Received Import Request.
  Time since last request: 28.015837 seconds.
  path: Assets/Public toilet/Prefab/urinal.prefab
  artifactKey: Guid(81d8002afd3300c46ace555b6f5427d6) Importer(815301076,1909f56bfc062723c751e8b465ee728b)
Start importing Assets/Public toilet/Prefab/urinal.prefab using Guid(81d8002afd3300c46ace555b6f5427d6) Importer(815301076,1909f56bfc062723c751e8b465ee728b)  -> (artifact id: '804efaaa62f08a35196b8a6f671160d9') in 0.016303 seconds 
  Import took 0.020776 seconds .

========================================================================
Received Import Request.
  Time since last request: 0.003476 seconds.
  path: Assets/Public toilet/Prefab/urinal.prefab
  artifactKey: Guid(81d8002afd3300c46ace555b6f5427d6) Importer(815301076,1909f56bfc062723c751e8b465ee728b)
Start importing Assets/Public toilet/Prefab/urinal.prefab using Guid(81d8002afd3300c46ace555b6f5427d6) Importer(815301076,1909f56bfc062723c751e8b465ee728b)  -> (artifact id: '804efaaa62f08a35196b8a6f671160d9') in 0.022809 seconds 
  Import took 0.027018 seconds .

========================================================================
Received Import Request.
  Time since last request: 84.535102 seconds.
  path: Assets/Public toilet/Prefab/toilet paper dispenser.prefab
  artifactKey: Guid(702817277cf965744baec4f36fac6038) Importer(815301076,1909f56bfc062723c751e8b465ee728b)
Start importing Assets/Public toilet/Prefab/toilet paper dispenser.prefab using Guid(702817277cf965744baec4f36fac6038) Importer(815301076,1909f56bfc062723c751e8b465ee728b)  -> (artifact id: '8860ab9fdfa1e1f2043e7a8e2dec8fc9') in 0.013995 seconds 
  Import took 0.018486 seconds .

========================================================================
Received Import Request.
  Time since last request: 0.005041 seconds.
  path: Assets/Public toilet/Prefab/toilet paper dispenser.prefab
  artifactKey: Guid(702817277cf965744baec4f36fac6038) Importer(815301076,1909f56bfc062723c751e8b465ee728b)
Start importing Assets/Public toilet/Prefab/toilet paper dispenser.prefab using Guid(702817277cf965744baec4f36fac6038) Importer(815301076,1909f56bfc062723c751e8b465ee728b)  -> (artifact id: '8860ab9fdfa1e1f2043e7a8e2dec8fc9') in 0.020094 seconds 
  Import took 0.024046 seconds .

========================================================================
Received Import Request.
  Time since last request: 68.432314 seconds.
  path: Assets/Public toilet/Prefab/restroom_door Variant.prefab
  artifactKey: Guid(5a6f6d3e056fd3b439cca2f611f7129e) Importer(815301076,1909f56bfc062723c751e8b465ee728b)
Start importing Assets/Public toilet/Prefab/restroom_door Variant.prefab using Guid(5a6f6d3e056fd3b439cca2f611f7129e) Importer(815301076,1909f56bfc062723c751e8b465ee728b)  -> (artifact id: 'd33c159e63e728001e93e90b09aeac22') in 0.014228 seconds 
  Import took 0.018912 seconds .

========================================================================
Received Import Request.
  Time since last request: 98.911621 seconds.
  path: Assets/Public toilet/Prefab/stall door frame.prefab
  artifactKey: Guid(b8b395d716a12a9499018b9156690385) Importer(815301076,1909f56bfc062723c751e8b465ee728b)
Start importing Assets/Public toilet/Prefab/stall door frame.prefab using Guid(b8b395d716a12a9499018b9156690385) Importer(815301076,1909f56bfc062723c751e8b465ee728b)  -> (artifact id: '41d7affe00d3412655fefddf4cb6006f') in 0.008767 seconds 
  Import took 0.012672 seconds .

========================================================================
Received Import Request.
  Time since last request: 32.408809 seconds.
  path: Assets/Public toilet/Prefab/Light.prefab
  artifactKey: Guid(c08e330cec5b4794f8cfa0db5d059bcd) Importer(815301076,1909f56bfc062723c751e8b465ee728b)
Start importing Assets/Public toilet/Prefab/Light.prefab using Guid(c08e330cec5b4794f8cfa0db5d059bcd) Importer(815301076,1909f56bfc062723c751e8b465ee728b)  -> (artifact id: 'b88850610e914d87ecbb3caa6d7acfd2') in 0.009162 seconds 
  Import took 0.013355 seconds .

========================================================================
Received Import Request.
  Time since last request: 260.208927 seconds.
  path: Assets/Materials_/beef_texture.jpg
  artifactKey: Guid(4d5a0fc1dbda96845b179426c02e0438) Importer(815301076,1909f56bfc062723c751e8b465ee728b)
Start importing Assets/Materials_/beef_texture.jpg using Guid(4d5a0fc1dbda96845b179426c02e0438) Importer(815301076,1909f56bfc062723c751e8b465ee728b)  -> (artifact id: '44de2063680fe5b5367d67e6fcd79f15') in 0.069393 seconds 
  Import took 0.073889 seconds .

========================================================================
Received Import Request.
  Time since last request: 0.199315 seconds.
  path: Assets/Materials_/aaa2.obj
  artifactKey: Guid(ebb8d52c2a0f4994abe7c8a0315aeb44) Importer(815301076,1909f56bfc062723c751e8b465ee728b)
Start importing Assets/Materials_/aaa2.obj using Guid(ebb8d52c2a0f4994abe7c8a0315aeb44) Importer(815301076,1909f56bfc062723c751e8b465ee728b)  -> (artifact id: '74dbe59d5535769e4dfbcd9dc7c72fab') in 0.052100 seconds 
  Import took 0.055987 seconds .

========================================================================
Received Import Request.
  Time since last request: 0.294734 seconds.
  path: Assets/Materials_/Desk+Chair_Cafeteria (3).prefab
  artifactKey: Guid(98e253f4481719049b21457cb6f53386) Importer(815301076,1909f56bfc062723c751e8b465ee728b)
Start importing Assets/Materials_/Desk+Chair_Cafeteria (3).prefab using Guid(98e253f4481719049b21457cb6f53386) Importer(815301076,1909f56bfc062723c751e8b465ee728b)  -> (artifact id: 'aae1fa27bf26f28c776cf0daaa5d72ad') in 0.023909 seconds 
  Import took 0.028076 seconds .

========================================================================
Received Import Request.
  Time since last request: 0.472330 seconds.
  path: Assets/Materials_/gupsikpan.obj
  artifactKey: Guid(337de2a96b9dff14a919e224a6edc070) Importer(815301076,1909f56bfc062723c751e8b465ee728b)
Start importing Assets/Materials_/gupsikpan.obj using Guid(337de2a96b9dff14a919e224a6edc070) Importer(815301076,1909f56bfc062723c751e8b465ee728b)  -> (artifact id: 'ba00457b65345f4231935f8df4a7976a') in 0.036107 seconds 
  Import took 0.039914 seconds .

========================================================================
Received Import Request.
  Time since last request: 2.300461 seconds.
  path: Assets/Materials_/Mirror.renderTexture
  artifactKey: Guid(8c4766b21251f53418cd8aa4888614f0) Importer(815301076,1909f56bfc062723c751e8b465ee728b)
Start importing Assets/Materials_/Mirror.renderTexture using Guid(8c4766b21251f53418cd8aa4888614f0) Importer(815301076,1909f56bfc062723c751e8b465ee728b)  -> (artifact id: 'fc97a26a2d825ea87daaf1ad938f6f44') in 0.022732 seconds 
  Import took 0.026537 seconds .

========================================================================
Received Import Request.
  Time since last request: 0.785334 seconds.
  path: Assets/Materials_/salad_texture.jpg
  artifactKey: Guid(5cb61041d3cdcdf45998a9cdc4606640) Importer(815301076,1909f56bfc062723c751e8b465ee728b)
Start importing Assets/Materials_/salad_texture.jpg using Guid(5cb61041d3cdcdf45998a9cdc4606640) Importer(815301076,1909f56bfc062723c751e8b465ee728b)  -> (artifact id: '15dfdccb8c34d4375b3119cb2dc38020') in 0.012007 seconds 
  Import took 0.016158 seconds .

========================================================================
Received Import Request.
  Time since last request: 0.372881 seconds.
  path: Assets/Materials_/sausage_texture.jpg
  artifactKey: Guid(21d2c48c72af8ab4eb88a982108dcb00) Importer(815301076,1909f56bfc062723c751e8b465ee728b)
Start importing Assets/Materials_/sausage_texture.jpg using Guid(21d2c48c72af8ab4eb88a982108dcb00) Importer(815301076,1909f56bfc062723c751e8b465ee728b)  -> (artifact id: '381dd53068a0ac567f62ba3406332812') in 0.012673 seconds 
  Import took 0.017094 seconds .

========================================================================
Received Import Request.
  Time since last request: 50.838236 seconds.
  path: Assets/Materials_/drinking_fountain.obj
  artifactKey: Guid(2cf5e6c4d56f02449aa4513232853236) Importer(815301076,1909f56bfc062723c751e8b465ee728b)
Start importing Assets/Materials_/drinking_fountain.obj using Guid(2cf5e6c4d56f02449aa4513232853236) Importer(815301076,1909f56bfc062723c751e8b465ee728b)  -> (artifact id: 'eeaf09a2b9bd5f5de7fcbc5fd06e0eaf') in 0.033278 seconds 
  Import took 0.037221 seconds .

========================================================================
Received Import Request.
  Time since last request: 0.611414 seconds.
  path: Assets/Materials_/food_trash.obj
  artifactKey: Guid(f2b1c7e3dcac17648971f1061aad132f) Importer(815301076,1909f56bfc062723c751e8b465ee728b)
Start importing Assets/Materials_/food_trash.obj using Guid(f2b1c7e3dcac17648971f1061aad132f) Importer(815301076,1909f56bfc062723c751e8b465ee728b)  -> (artifact id: 'cf8897df7d60c8341a6297a21263194d') in 0.058177 seconds 
  Import took 0.062066 seconds .

========================================================================
Received Import Request.
  Time since last request: 0.621965 seconds.
  path: Assets/Materials_/Materials
  artifactKey: Guid(7244dfe5aa239a94ca11acdd555c0a7a) Importer(815301076,1909f56bfc062723c751e8b465ee728b)
Start importing Assets/Materials_/Materials using Guid(7244dfe5aa239a94ca11acdd555c0a7a) Importer(815301076,1909f56bfc062723c751e8b465ee728b)  -> (artifact id: '359f8c54faa5c1a1f778e7904624e0ff') in 0.002273 seconds 
  Import took 0.006829 seconds .

========================================================================
Received Import Request.
  Time since last request: 0.000908 seconds.
  path: Assets/Materials_/Materials
  artifactKey: Guid(7244dfe5aa239a94ca11acdd555c0a7a) Importer(815301076,1909f56bfc062723c751e8b465ee728b)
Start importing Assets/Materials_/Materials using Guid(7244dfe5aa239a94ca11acdd555c0a7a) Importer(815301076,1909f56bfc062723c751e8b465ee728b)  -> (artifact id: '359f8c54faa5c1a1f778e7904624e0ff') in 0.001829 seconds 
  Import took 0.005990 seconds .

========================================================================
Received Import Request.
  Time since last request: 6108.551617 seconds.
  path: Assets/Materials_/rice.obj
  artifactKey: Guid(67a956b5ba7194e4e836ffc6da46409b) Importer(815301076,1909f56bfc062723c751e8b465ee728b)
Start importing Assets/Materials_/rice.obj using Guid(67a956b5ba7194e4e836ffc6da46409b) Importer(815301076,1909f56bfc062723c751e8b465ee728b)  -> (artifact id: '21d8899492478d6cc3cd2e8df6e99d36') in 0.028708 seconds 
  Import took 0.033781 seconds .

========================================================================
Received Import Request.
  Time since last request: 42.705073 seconds.
  path: Assets/Table and chair/Table/Model
  artifactKey: Guid(b058f75a8c0a27a4285ca747213d5698) Importer(815301076,1909f56bfc062723c751e8b465ee728b)
Start importing Assets/Table and chair/Table/Model using Guid(b058f75a8c0a27a4285ca747213d5698) Importer(815301076,1909f56bfc062723c751e8b465ee728b)  -> (artifact id: '37af22a7d1aa2b858db2db596bb648f6') in 0.002159 seconds 
  Import took 0.006609 seconds .

========================================================================
Received Import Request.
  Time since last request: 1.816869 seconds.
  path: Assets/Table and chair/Table/Material
  artifactKey: Guid(c1af71c1f7a4a9d47a37076a1a7ebe3f) Importer(815301076,1909f56bfc062723c751e8b465ee728b)
Start importing Assets/Table and chair/Table/Material using Guid(c1af71c1f7a4a9d47a37076a1a7ebe3f) Importer(815301076,1909f56bfc062723c751e8b465ee728b)  -> (artifact id: 'fcacbe1f8953e57e4d1dce60b8cf8a47') in 0.002406 seconds 
  Import took 0.006652 seconds .

========================================================================
Received Import Request.
  Time since last request: 1.106160 seconds.
  path: Assets/Table and chair/Table/Model/Table.FBX
  artifactKey: Guid(91b21410e82326c41829a7cd5ef7ffae) Importer(815301076,1909f56bfc062723c751e8b465ee728b)
Start importing Assets/Table and chair/Table/Model/Table.FBX using Guid(91b21410e82326c41829a7cd5ef7ffae) Importer(815301076,1909f56bfc062723c751e8b465ee728b)  -> (artifact id: '860f604ab9d52f7538168ac3501a8750') in 0.017875 seconds 
  Import took 0.022714 seconds .

========================================================================
Received Import Request.
  Time since last request: 0.003383 seconds.
  path: Assets/Table and chair/Table/Model/Table.FBX
  artifactKey: Guid(91b21410e82326c41829a7cd5ef7ffae) Importer(815301076,1909f56bfc062723c751e8b465ee728b)
Start importing Assets/Table and chair/Table/Model/Table.FBX using Guid(91b21410e82326c41829a7cd5ef7ffae) Importer(815301076,1909f56bfc062723c751e8b465ee728b)  -> (artifact id: '860f604ab9d52f7538168ac3501a8750') in 0.011962 seconds 
  Import took 0.016133 seconds .

========================================================================
Received Import Request.
  Time since last request: 0.549221 seconds.
  path: Assets/Table and chair/Table/Model/Materials
  artifactKey: Guid(bd6987762ea978d46a99e40f92ee789e) Importer(815301076,1909f56bfc062723c751e8b465ee728b)
Start importing Assets/Table and chair/Table/Model/Materials using Guid(bd6987762ea978d46a99e40f92ee789e) Importer(815301076,1909f56bfc062723c751e8b465ee728b)  -> (artifact id: '73652c860c4defa7eb0937fa2feb33f3') in 0.002014 seconds 
  Import took 0.006974 seconds .

========================================================================
Received Import Request.
  Time since last request: 127.431765 seconds.
  path: Assets/Materials_/drinking_fountain (1).prefab
  artifactKey: Guid(8f4463d8d757cd04ca49d3d1865151e3) Importer(815301076,1909f56bfc062723c751e8b465ee728b)
Start importing Assets/Materials_/drinking_fountain (1).prefab using Guid(8f4463d8d757cd04ca49d3d1865151e3) Importer(815301076,1909f56bfc062723c751e8b465ee728b)  -> (artifact id: 'e1b1657bb155a0d943b72190ddf8c063') in 0.020763 seconds 
  Import took 0.025336 seconds .

========================================================================
Received Import Request.
  Time since last request: 1.066695 seconds.
  path: Assets/Materials_/goog2.obj
  artifactKey: Guid(2a492dd066f9f9d4fb8e3345c8f00f96) Importer(815301076,1909f56bfc062723c751e8b465ee728b)
Start importing Assets/Materials_/goog2.obj using Guid(2a492dd066f9f9d4fb8e3345c8f00f96) Importer(815301076,1909f56bfc062723c751e8b465ee728b)  -> (artifact id: '653b323e43254e9b6cd1bdcf9f1d9ef7') in 0.029939 seconds 
  Import took 0.034035 seconds .

========================================================================
Received Import Request.
  Time since last request: 125.410328 seconds.
  path: Assets/Materials_/cooked_rice_texture.jpg
  artifactKey: Guid(ee40b38815b77a9478ad2fd00dcb2b81) Importer(815301076,1909f56bfc062723c751e8b465ee728b)
Start importing Assets/Materials_/cooked_rice_texture.jpg using Guid(ee40b38815b77a9478ad2fd00dcb2b81) Importer(815301076,1909f56bfc062723c751e8b465ee728b)  -> (artifact id: 'a0b10b5282c810b3fc31459211831654') in 0.008644 seconds 
  Import took 0.012797 seconds .

AssetImportWorkerClient::OnTransportError - code=2 error=End of file
